[diego@myhost cxxtest]$ scons
 scons: Reading SConscript files ...
 Loading CxxTest tool...
 scons: done reading SConscript files.
 scons: Building targets ...
 g++ -o src/lib/stack.o -c -g -Wall src/lib/stack.cpp
 g++ -o src/lib/list.o -c -g -Wall src/lib/list.cpp
 ar rc src/lib/libutils.a src/lib/stack.o src/lib/list.o
 ranlib src/lib/libutils.a
 /usr/bin/python /home/diego/cxxtest/cxxtest/cxxtestgen.py --error-printer -o src/tests/unit/list.cpp src/tests/unit/list.t.hpp
 g++ -o src/tests/unit/list.o -c -g -Wall -I. -Icxxtest src/tests/unit/list.cpp
 In file included from src/tests/unit/list.cpp:17:
 ./src/tests/unit/list.t.hpp:5:24: error: lib/list.hpp: No such file or directory
 In file included from src/tests/unit/list.cpp:17:
 ./src/tests/unit/list.t.hpp: In member function 'void ListTest::testListImplementation()':
 ./src/tests/unit/list.t.hpp:12: error: 'List' was not declared in this scope
 ./src/tests/unit/list.t.hpp:12: error: expected `;' before 'l'
 ./src/tests/unit/list.t.hpp:14: error: 'l' was not declared in this scope
 ./src/tests/unit/list.t.hpp:21: error: 'List' is not a class or namespace
 ./src/tests/unit/list.t.hpp:21: error: expected `;' before 'it'
 ./src/tests/unit/list.t.hpp:23: error: 'it' was not declared in this scope
 ./src/tests/unit/list.t.hpp:24: error: 'it' was not declared in this scope
 ./src/tests/unit/list.t.hpp:25: error: 'it' was not declared in this scope
 scons: *** [src/tests/unit/list.o] Error 1
 scons: building terminated because of errors.
[diego@myhost cxxtest]$ scons check
 scons: Reading SConscript files ...
 Loading CxxTest tool...
 scons: done reading SConscript files.
 scons: Building targets ...
 g++ -o src/tests/unit/list.o -c -g -Wall -I. -Icxxtest src/tests/unit/list.cpp
 In file included from src/tests/unit/list.cpp:17:
 ./src/tests/unit/list.t.hpp:5:24: error: lib/list.hpp: No such file or directory
 In file included from src/tests/unit/list.cpp:17:
 ./src/tests/unit/list.t.hpp: In member function 'void ListTest::testListImplementation()':
 ./src/tests/unit/list.t.hpp:12: error: 'List' was not declared in this scope
 ./src/tests/unit/list.t.hpp:12: error: expected `;' before 'l'
 ./src/tests/unit/list.t.hpp:14: error: 'l' was not declared in this scope
 ./src/tests/unit/list.t.hpp:21: error: 'List' is not a class or namespace
 ./src/tests/unit/list.t.hpp:21: error: expected `;' before 'it'
 ./src/tests/unit/list.t.hpp:23: error: 'it' was not declared in this scope
 ./src/tests/unit/list.t.hpp:24: error: 'it' was not declared in this scope
 ./src/tests/unit/list.t.hpp:25: error: 'it' was not declared in this scope
 scons: *** [src/tests/unit/list.o] Error 1
 scons: building terminated because of errors.
[diego@myhost cxxtest]$ 
